sysctl: 写入错误: 错误的文件描述符
sysctl: 写入错误: 错误的文件描述符
sysctl: 写入错误: 错误的文件描述符
AuthMode    Wired Authentication
Adapter     enp0s31f6
UserName    201825100208@有线1上网
service     有线1x上网
2020-01-01 13:14:23 Initializing.....
2020-01-01 13:14:23 Lookup the switch...
2020-01-01 13:14:23 Connecting radius server...
2020-01-01 13:14:23 Authenticating now...
2020-01-01 13:14:23 Geting IP Address...
2020-01-01 13:14:26 Lookup the switch...
2020-01-01 13:14:27 Connecting radius server...
2020-01-01 13:14:27 Authenticating now...
2020-01-01 13:14:27 Success
2020-01-01 13:14:27 Management Tips:
                    
                    无线网无感知认证使用说明http://metc.scau.edu.cn/2016/0428/c1
                    45a10243/page.htm 
                    您当前使用的服务为有线1x上网;
                    有效期至：2020-01-18(未含用户自行暂停时间段)
